11/22/2022 11:30:35 AM
Failure sending mail.
   at System.Net.Mail.SmtpClient.Send(MailMessage message)
   at NovaNet.Utils.exLog.emailLogger.Log(Exception ex) in D:\Sandhi Software New\sandhi\KP\KP\NovaNet\Utils\emailLogger.cs:line 83
System
--------End--------
11/22/2022 11:47:30 AM
Failure sending mail.
   at System.Net.Mail.SmtpClient.Send(MailMessage message)
   at NovaNet.Utils.exLog.emailLogger.Log(Exception ex) in D:\Sandhi Software New\sandhi\KP\KP\NovaNet\Utils\emailLogger.cs:line 83
System
--------End--------
11/29/2022 12:58:06 PM
Failure sending mail.
   at System.Net.Mail.SmtpClient.Send(MailMessage message)
   at NovaNet.Utils.exLog.emailLogger.Log(Exception ex) in D:\Sandhi Software New\sandhi\KP\KP\NovaNet\Utils\emailLogger.cs:line 83
System
--------End--------
12/2/2022 2:15:21 AM
Failure sending mail.
   at System.Net.Mail.SmtpClient.Send(MailMessage message)
   at NovaNet.Utils.exLog.emailLogger.Log(Exception ex) in D:\Sandhi Software\KP\NovaNet\Utils\emailLogger.cs:line 83
System
--------End--------
12/2/2022 2:15:51 AM
Failure sending mail.
   at System.Net.Mail.SmtpClient.Send(MailMessage message)
   at NovaNet.Utils.exLog.emailLogger.Log(Exception ex) in D:\Sandhi Software\KP\NovaNet\Utils\emailLogger.cs:line 83
System
--------End--------
12/2/2022 2:16:13 AM
Failure sending mail.
   at System.Net.Mail.SmtpClient.Send(MailMessage message)
   at NovaNet.Utils.exLog.emailLogger.Log(Exception ex) in D:\Sandhi Software\KP\NovaNet\Utils\emailLogger.cs:line 83
System
--------End--------
12/2/2022 2:18:26 AM
Failure sending mail.
   at System.Net.Mail.SmtpClient.Send(MailMessage message)
   at NovaNet.Utils.exLog.emailLogger.Log(Exception ex) in D:\Sandhi Software\KP\NovaNet\Utils\emailLogger.cs:line 83
System
--------End--------
12/2/2022 2:18:47 AM
Failure sending mail.
   at System.Net.Mail.SmtpClient.Send(MailMessage message)
   at NovaNet.Utils.exLog.emailLogger.Log(Exception ex, StateData er) in D:\Sandhi Software\KP\NovaNet\Utils\emailLogger.cs:line 188
System
select distinct A.proj_key,A.batch_key,A.box_number,A.policy_number,A.page_name,A.doc_type from image_master A,metadata_entry B where A.proj_key=B.proj_code and A.batch_key=B.batch_key and A.policy_number=B.filename and A.proj_key=1 and A.batch_key=1 and A.box_number='1' and A.policy_number='GD02112022' and A.status= 29 and (B.status=4 or B.status = '30' or B.status = '31' or B.status = '7' or B.status = '8' or B.status = '9' or B.status = '40' or B.status = '41' or B.status=5 or B.status=6)
--------End--------
12/2/2022 2:30:03 AM
Failure sending mail.
   at System.Net.Mail.SmtpClient.Send(MailMessage message)
   at NovaNet.Utils.exLog.emailLogger.Log(Exception ex) in D:\Sandhi Software\KP\NovaNet\Utils\emailLogger.cs:line 83
System
--------End--------
12/2/2022 2:30:30 AM
Failure sending mail.
   at System.Net.Mail.SmtpClient.Send(MailMessage message)
   at NovaNet.Utils.exLog.emailLogger.Log(Exception ex) in D:\Sandhi Software\KP\NovaNet\Utils\emailLogger.cs:line 83
System
--------End--------
12/2/2022 2:31:38 AM
Failure sending mail.
   at System.Net.Mail.SmtpClient.Send(MailMessage message)
   at NovaNet.Utils.exLog.emailLogger.Log(Exception ex) in D:\Sandhi Software\KP\NovaNet\Utils\emailLogger.cs:line 83
System
--------End--------
12/2/2022 2:32:51 AM
Failure sending mail.
   at System.Net.Mail.SmtpClient.Send(MailMessage message)
   at NovaNet.Utils.exLog.emailLogger.Log(Exception ex) in D:\Sandhi Software\KP\NovaNet\Utils\emailLogger.cs:line 83
System
--------End--------
12/2/2022 2:33:12 AM
Failure sending mail.
   at System.Net.Mail.SmtpClient.Send(MailMessage message)
   at NovaNet.Utils.exLog.emailLogger.Log(Exception ex, StateData er) in D:\Sandhi Software\KP\NovaNet\Utils\emailLogger.cs:line 188
System
select distinct A.proj_key,A.batch_key,A.box_number,A.policy_number,A.page_name,A.doc_type from image_master A,metadata_entry B where A.proj_key=B.proj_code and A.batch_key=B.batch_key and A.policy_number=B.filename and A.proj_key=1 and A.batch_key=1 and A.box_number='1' and A.policy_number='GD02112022' and A.status= 29 and (B.status=4 or B.status = '30' or B.status = '31' or B.status = '7' or B.status = '8' or B.status = '9' or B.status = '40' or B.status = '41' or B.status=5 or B.status=6)
--------End--------
12/2/2022 2:37:06 AM
Failure sending mail.
   at System.Net.Mail.SmtpClient.Send(MailMessage message)
   at NovaNet.Utils.exLog.emailLogger.Log(Exception ex, StateData er) in D:\Sandhi Software\KP\NovaNet\Utils\emailLogger.cs:line 188
System
select distinct A.proj_key,A.batch_key,A.box_number,A.policy_number,A.page_name,A.doc_type from image_master A,metadata_entry B where A.proj_key=B.proj_code and A.batch_key=B.batch_key and A.policy_number=B.filename and A.proj_key=1 and A.batch_key=1 and A.box_number='1' and A.policy_number='GD02112022' and A.status= 29 and (B.status=4 or B.status = '30' or B.status = '31' or B.status = '7' or B.status = '8' or B.status = '9' or B.status = '40' or B.status = '41' or B.status=5 or B.status=6)
--------End--------
12/2/2022 2:37:35 AM
Failure sending mail.
   at System.Net.Mail.SmtpClient.Send(MailMessage message)
   at NovaNet.Utils.exLog.emailLogger.Log(Exception ex) in D:\Sandhi Software\KP\NovaNet\Utils\emailLogger.cs:line 83
System
--------End--------
12/2/2022 2:37:56 AM
Failure sending mail.
   at System.Net.Mail.SmtpClient.Send(MailMessage message)
   at NovaNet.Utils.exLog.emailLogger.Log(Exception ex, StateData er) in D:\Sandhi Software\KP\NovaNet\Utils\emailLogger.cs:line 188
System
select distinct A.proj_key,A.batch_key,A.box_number,A.policy_number,A.page_name,A.doc_type from image_master A,metadata_entry B where A.proj_key=B.proj_code and A.batch_key=B.batch_key and A.policy_number=B.filename and A.proj_key=1 and A.batch_key=1 and A.box_number='1' and A.policy_number='GD02112022' and A.status= 29 and (B.status=4 or B.status = '30' or B.status = '31' or B.status = '7' or B.status = '8' or B.status = '9' or B.status = '40' or B.status = '41' or B.status=5 or B.status=6)
--------End--------
12/2/2022 2:56:55 AM
Failure sending mail.
   at System.Net.Mail.SmtpClient.Send(MailMessage message)
   at NovaNet.Utils.exLog.emailLogger.Log(Exception ex, StateData er) in D:\Sandhi Software\KP\NovaNet\Utils\emailLogger.cs:line 188
System
select distinct A.proj_key,A.batch_key,A.box_number,A.policy_number,A.page_name,A.doc_type from image_master A,metadata_entry B where A.proj_key=B.proj_code and A.batch_key=B.batch_key and A.policy_number=B.filename and A.proj_key=1 and A.batch_key=1 and A.box_number='1' and A.policy_number='GD02112022' and A.status= 29 and (B.status=4 or B.status = '30' or B.status = '31' or B.status = '7' or B.status = '8' or B.status = '9' or B.status = '40' or B.status = '41' or B.status=5 or B.status=6)
--------End--------
12/2/2022 10:33:12 PM
Failure sending mail.
   at System.Net.Mail.SmtpClient.Send(MailMessage message)
   at NovaNet.Utils.exLog.emailLogger.Log(Exception ex) in D:\Sandhi Software\KP\NovaNet\Utils\emailLogger.cs:line 83
System
--------End--------
12/2/2022 11:48:11 PM
Failure sending mail.
   at System.Net.Mail.SmtpClient.Send(MailMessage message)
   at NovaNet.Utils.exLog.emailLogger.Log(Exception ex) in D:\Sandhi Software\KP\NovaNet\Utils\emailLogger.cs:line 83
System
--------End--------
12/3/2022 12:08:24 AM
Failure sending mail.
   at System.Net.Mail.SmtpClient.Send(MailMessage message)
   at NovaNet.Utils.exLog.emailLogger.Log(Exception ex) in D:\Sandhi Software\KP\NovaNet\Utils\emailLogger.cs:line 83
System
--------End--------
12/3/2022 1:00:10 AM
Failure sending mail.
   at System.Net.Mail.SmtpClient.Send(MailMessage message)
   at NovaNet.Utils.exLog.emailLogger.Log(Exception ex) in D:\Sandhi Software\KP\NovaNet\Utils\emailLogger.cs:line 83
System
--------End--------
12/3/2022 1:00:41 AM
Failure sending mail.
   at System.Net.Mail.SmtpClient.Send(MailMessage message)
   at NovaNet.Utils.exLog.emailLogger.Log(Exception ex) in D:\Sandhi Software\KP\NovaNet\Utils\emailLogger.cs:line 83
System
--------End--------
12/3/2022 5:12:34 PM
Failure sending mail.
   at System.Net.Mail.SmtpClient.Send(MailMessage message)
   at NovaNet.Utils.exLog.emailLogger.Log(Exception ex) in D:\Sandhi Software\KP\NovaNet\Utils\emailLogger.cs:line 83
System
--------End--------
12/3/2022 5:13:05 PM
Failure sending mail.
   at System.Net.Mail.SmtpClient.Send(MailMessage message)
   at NovaNet.Utils.exLog.emailLogger.Log(Exception ex) in D:\Sandhi Software\KP\NovaNet\Utils\emailLogger.cs:line 83
System
--------End--------
12/3/2022 5:22:27 PM
Failure sending mail.
   at System.Net.Mail.SmtpClient.Send(MailMessage message)
   at NovaNet.Utils.exLog.emailLogger.Log(Exception ex) in D:\Sandhi Software\KP\NovaNet\Utils\emailLogger.cs:line 83
System
--------End--------
12/3/2022 5:30:47 PM
Failure sending mail.
   at System.Net.Mail.SmtpClient.Send(MailMessage message)
   at NovaNet.Utils.exLog.emailLogger.Log(Exception ex) in D:\Sandhi Software\KP\NovaNet\Utils\emailLogger.cs:line 83
System
--------End--------
12/4/2022 4:53:54 PM
Failure sending mail.
   at System.Net.Mail.SmtpClient.Send(MailMessage message)
   at NovaNet.Utils.exLog.emailLogger.Log(Exception ex) in D:\Sandhi Software\KP\NovaNet\Utils\emailLogger.cs:line 83
System
--------End--------
12/5/2022 4:36:15 PM
Failure sending mail.
   at System.Net.Mail.SmtpClient.Send(MailMessage message)
   at NovaNet.Utils.exLog.emailLogger.Log(Exception ex) in D:\Sandhi Software\KP\NovaNet\Utils\emailLogger.cs:line 83
System
--------End--------
